[INFO  - 2017-09-22T15:59:32.918Z] GhostDriver - Main - running on port 50022
[INFO  - 2017-09-22T15:59:36.433Z] Session [083936f0-9faf-11e7-8af5-9d4783837bc5] - page.settings - {"XSSAuditingEnabled":false,"javascriptCanCloseWindows":true,"javascriptCanOpenWindows":true,"javascriptEnabled":true,"loadImages":true,"localToRemoteUrlAccessEnabled":false,"userAgent":"Mozilla/5.0 (Windows NT 6.2; WOW64) AppleWebKit/538.1 (KHTML, like Gecko) PhantomJS/2.1.1 Safari/538.1","webSecurityEnabled":true}
[INFO  - 2017-09-22T15:59:36.433Z] Session [083936f0-9faf-11e7-8af5-9d4783837bc5] - page.customHeaders:  - {}
[INFO  - 2017-09-22T15:59:36.433Z] Session [083936f0-9faf-11e7-8af5-9d4783837bc5] - Session.negotiatedCapabilities - {"browserName":"phantomjs","version":"2.1.1","driverName":"ghostdriver","driverVersion":"1.2.0","platform":"windows-8.1-32bit","javascriptEnabled":true,"takesScreenshot":true,"handlesAlerts":false,"databaseEnabled":false,"locationContextEnabled":false,"applicationCacheEnabled":false,"browserConnectionEnabled":false,"cssSelectorsEnabled":true,"webStorageEnabled":false,"rotatable":false,"acceptSslCerts":false,"nativeEvents":true,"proxy":{"proxyType":"direct"}}
[INFO  - 2017-09-22T15:59:36.434Z] SessionManagerReqHand - _postNewSessionCommand - New Session Created: 083936f0-9faf-11e7-8af5-9d4783837bc5
[ERROR - 2017-09-22T15:59:38.174Z] Session [083936f0-9faf-11e7-8af5-9d4783837bc5] - page.onError - msg: ReferenceError: Can't find variable: Promise

  phantomjs://platform/console++.js:263 in error
[ERROR - 2017-09-22T15:59:38.174Z] Session [083936f0-9faf-11e7-8af5-9d4783837bc5] - page.onError - stack:
  (anonymous function) (https://zhihu-beyond.zhimg.com/app.e2bd46fa1da63482b4d3.js:11)
  (anonymous function) (https://zhihu-beyond.zhimg.com/app.e2bd46fa1da63482b4d3.js:11)
  t (https://zhihu-beyond.zhimg.com/app.e2bd46fa1da63482b4d3.js:1)
  (anonymous function) (https://zhihu-beyond.zhimg.com/app.e2bd46fa1da63482b4d3.js:22)
  t (https://zhihu-beyond.zhimg.com/app.e2bd46fa1da63482b4d3.js:1)
  (anonymous function) (https://zhihu-beyond.zhimg.com/app.e2bd46fa1da63482b4d3.js:21)
  t (https://zhihu-beyond.zhimg.com/app.e2bd46fa1da63482b4d3.js:1)
  (anonymous function) (https://zhihu-beyond.zhimg.com/app.e2bd46fa1da63482b4d3.js:20)
  t (https://zhihu-beyond.zhimg.com/app.e2bd46fa1da63482b4d3.js:1)
  (anonymous function) (https://zhihu-beyond.zhimg.com/app.e2bd46fa1da63482b4d3.js:11)
  t (https://zhihu-beyond.zhimg.com/app.e2bd46fa1da63482b4d3.js:1)
  (anonymous function) (https://zhihu-beyond.zhimg.com/app.e2bd46fa1da63482b4d3.js:40)
  t (https://zhihu-beyond.zhimg.com/app.e2bd46fa1da63482b4d3.js:1)
  (anonymous function) (https://zhihu-beyond.zhimg.com/app.e2bd46fa1da63482b4d3.js:1)

  phantomjs://platform/console++.js:263 in error
